<?xml version="1.0" encoding="UTF-8"?>
<!-- Generated by org.testng.reporters.JUnitReportReporter -->
<testsuite hostname="Admin-PC" name="Selenium.FileDownload" tests="1" failures="0" timestamp="13 Apr 2020 16:39:57 GMT" time="19.754" errors="0">
  <testcase name="fileDownload" time="19.754" classname="Selenium.FileDownload"/>
</testsuite> <!-- Selenium.FileDownload -->
