<?xml version="1.0" encoding="UTF-8"?>
<!-- Generated by org.testng.reporters.JUnitReportReporter -->
<testsuite hostname="Admin-PC" name="Selenium.DataProvider_2" tests="2" failures="0" timestamp="13 Apr 2020 15:47:29 GMT" time="66.797" errors="0">
  <testcase name="dataProviderTest" time="21.182" classname="Selenium.DataProvider_2"/>
  <testcase name="dataProviderTest" time="45.615" classname="Selenium.DataProvider_2"/>
</testsuite> <!-- Selenium.DataProvider_2 -->
